# JRE version: OpenJDK Runtime Environment (8.0_152-b01) (build 1.8.0_152-release-915-b01)
# Java VM: OpenJDK 64-Bit Server VM (25.152-b01 mixed mode windows-amd64 compressed oops)
Heap:
 PSYoungGen      total 349696K, used 91386K [0x00000000e0000000, 0x00000000faf00000, 0x0000000100000000)
  eden space 266240K, 33% used [0x00000000e0000000,0x00000000e5750860,0x00000000f0400000)
  from space 83456K, 2% used [0x00000000f5d80000,0x00000000f5f6e008,0x00000000faf00000)
  to   space 87552K, 0% used [0x00000000f0400000,0x00000000f0400000,0x00000000f5980000)
 ParOldGen       total 186368K, used 128183K [0x00000000a0000000, 0x00000000ab600000, 0x00000000e0000000)
  object space 186368K, 68% used [0x00000000a0000000,0x00000000a7d2dd18,0x00000000ab600000)
 Metaspace       used 75936K, capacity 79986K, committed 80128K, reserved 1118208K
  class space    used 9808K, capacity 10750K, committed 10752K, reserved 1048576K
GC Heap History (10 events):
Event: 716.873 GC heap before
{Heap before GC invocations=33 (full 3):
 PSYoungGen      total 249856K, used 229439K [0x00000000e0000000, 0x00000000f7c80000, 0x0000000100000000)
  eden space 159232K, 100% used [0x00000000e0000000,0x00000000e9b80000,0x00000000e9b80000)
  from space 90624K, 77% used [0x00000000e9b80000,0x00000000ee00ff60,0x00000000ef400000)
  to   space 97792K, 0% used [0x00000000f1d00000,0x00000000f1d00000,0x00000000f7c80000)
 ParOldGen       total 186368K, used 103600K [0x00000000a0000000, 0x00000000ab600000, 0x00000000e0000000)
  object space 186368K, 55% used [0x00000000a0000000,0x00000000a652c0e0,0x00000000ab600000)
 Metaspace       used 74011K, capacity 77744K, committed 77824K, reserved 1116160K
  class space    used 9571K, capacity 10461K, committed 10496K, reserved 1048576K
Event: 716.914 GC heap after
Heap after GC invocations=33 (full 3):
 PSYoungGen      total 281600K, used 25733K [0x00000000e0000000, 0x00000000f7400000, 0x0000000100000000)
  eden space 192512K, 0% used [0x00000000e0000000,0x00000000e0000000,0x00000000ebc00000)
  from space 89088K, 28% used [0x00000000f1d00000,0x00000000f3621658,0x00000000f7400000)
  to   space 94208K, 0% used [0x00000000ebc00000,0x00000000ebc00000,0x00000000f1800000)
 ParOldGen       total 186368K, used 109148K [0x00000000a0000000, 0x00000000ab600000, 0x00000000e0000000)
  object space 186368K, 58% used [0x00000000a0000000,0x00000000a6a97350,0x00000000ab600000)
 Metaspace       used 74011K, capacity 77744K, committed 77824K, reserved 1116160K
  class space    used 9571K, capacity 10461K, committed 10496K, reserved 1048576K
}
Event: 720.504 GC heap before
{Heap before GC invocations=34 (full 3):
 PSYoungGen      total 281600K, used 218245K [0x00000000e0000000, 0x00000000f7400000, 0x0000000100000000)
  eden space 192512K, 100% used [0x00000000e0000000,0x00000000ebc00000,0x00000000ebc00000)
  from space 89088K, 28% used [0x00000000f1d00000,0x00000000f3621658,0x00000000f7400000)
  to   space 94208K, 0% used [0x00000000ebc00000,0x00000000ebc00000,0x00000000f1800000)
 ParOldGen       total 186368K, used 109148K [0x00000000a0000000, 0x00000000ab600000, 0x00000000e0000000)
  object space 186368K, 58% used [0x00000000a0000000,0x00000000a6a97350,0x00000000ab600000)
 Metaspace       used 74758K, capacity 78546K, committed 78720K, reserved 1118208K
  class space    used 9668K, capacity 10572K, committed 10624K, reserved 1048576K
Event: 720.540 GC heap after
Heap after GC invocations=34 (full 3):
 PSYoungGen      total 286720K, used 24144K [0x00000000e0000000, 0x00000000f9280000, 0x0000000100000000)
  eden space 192512K, 0% used [0x00000000e0000000,0x00000000e0000000,0x00000000ebc00000)
  from space 94208K, 25% used [0x00000000ebc00000,0x00000000ed3940d8,0x00000000f1800000)
  to   space 91136K, 0% used [0x00000000f3980000,0x00000000f3980000,0x00000000f9280000)
 ParOldGen       total 186368K, used 112077K [0x00000000a0000000, 0x00000000ab600000, 0x00000000e0000000)
  object space 186368K, 60% used [0x00000000a0000000,0x00000000a6d73460,0x00000000ab600000)
 Metaspace       used 74758K, capacity 78546K, committed 78720K, reserved 1118208K
  class space    used 9668K, capacity 10572K, committed 10624K, reserved 1048576K
}
Event: 728.064 GC heap before
{Heap before GC invocations=35 (full 3):
 PSYoungGen      total 286720K, used 215750K [0x00000000e0000000, 0x00000000f9280000, 0x0000000100000000)
  eden space 192512K, 99% used [0x00000000e0000000,0x00000000ebb1da98,0x00000000ebc00000)
  from space 94208K, 25% used [0x00000000ebc00000,0x00000000ed3940d8,0x00000000f1800000)
  to   space 91136K, 0% used [0x00000000f3980000,0x00000000f3980000,0x00000000f9280000)
 ParOldGen       total 186368K, used 112077K [0x00000000a0000000, 0x00000000ab600000, 0x00000000e0000000)
  object space 186368K, 60% used [0x00000000a0000000,0x00000000a6d73460,0x00000000ab600000)
 Metaspace       used 74902K, capacity 78720K, committed 78976K, reserved 1118208K
  class space    used 9670K, capacity 10575K, committed 10624K, reserved 1048576K
Event: 728.094 GC heap after
Heap after GC invocations=35 (full 3):
 PSYoungGen      total 309760K, used 14339K [0x00000000e0000000, 0x00000000f8b00000, 0x0000000100000000)
  eden space 226304K, 0% used [0x00000000e0000000,0x00000000e0000000,0x00000000edd00000)
  from space 83456K, 17% used [0x00000000f3980000,0x00000000f4780c18,0x00000000f8b00000)
  to   space 89088K, 0% used [0x00000000edd00000,0x00000000edd00000,0x00000000f3400000)
 ParOldGen       total 186368K, used 123021K [0x00000000a0000000, 0x00000000ab600000, 0x00000000e0000000)
  object space 186368K, 66% used [0x00000000a0000000,0x00000000a7823560,0x00000000ab600000)
 Metaspace       used 74902K, capacity 78720K, committed 78976K, reserved 1118208K
  class space    used 9670K, capacity 10575K, committed 10624K, reserved 1048576K
}
Event: 728.138 GC heap before
{Heap before GC invocations=36 (full 3):
 PSYoungGen      total 309760K, used 239762K [0x00000000e0000000, 0x00000000f8b00000, 0x0000000100000000)
  eden space 226304K, 99% used [0x00000000e0000000,0x00000000edc23e18,0x00000000edd00000)
  from space 83456K, 17% used [0x00000000f3980000,0x00000000f4780c18,0x00000000f8b00000)
  to   space 89088K, 0% used [0x00000000edd00000,0x00000000edd00000,0x00000000f3400000)
 ParOldGen       total 186368K, used 123021K [0x00000000a0000000, 0x00000000ab600000, 0x00000000e0000000)
  object space 186368K, 66% used [0x00000000a0000000,0x00000000a7823560,0x00000000ab600000)
 Metaspace       used 74906K, capacity 78720K, committed 78976K, reserved 1118208K
  class space    used 9670K, capacity 10575K, committed 10624K, reserved 1048576K
Event: 728.148 GC heap after
Heap after GC invocations=36 (full 3):
 PSYoungGen      total 315392K, used 8138K [0x00000000e0000000, 0x00000000fb380000, 0x0000000100000000)
  eden space 226304K, 0% used [0x00000000e0000000,0x00000000e0000000,0x00000000edd00000)
  from space 89088K, 9% used [0x00000000edd00000,0x00000000ee4f2b30,0x00000000f3400000)
  to   space 88064K, 0% used [0x00000000f5d80000,0x00000000f5d80000,0x00000000fb380000)
 ParOldGen       total 186368K, used 126027K [0x00000000a0000000, 0x00000000ab600000, 0x00000000e0000000)
  object space 186368K, 67% used [0x00000000a0000000,0x00000000a7b12d08,0x00000000ab600000)
 Metaspace       used 74906K, capacity 78720K, committed 78976K, reserved 1118208K
  class space    used 9670K, capacity 10575K, committed 10624K, reserved 1048576K
}
Event: 1187.801 GC heap before
{Heap before GC invocations=37 (full 3):
 PSYoungGen      total 315392K, used 234442K [0x00000000e0000000, 0x00000000fb380000, 0x0000000100000000)
  eden space 226304K, 100% used [0x00000000e0000000,0x00000000edd00000,0x00000000edd00000)
  from space 89088K, 9% used [0x00000000edd00000,0x00000000ee4f2b30,0x00000000f3400000)
  to   space 88064K, 0% used [0x00000000f5d80000,0x00000000f5d80000,0x00000000fb380000)
 ParOldGen       total 186368K, used 126027K [0x00000000a0000000, 0x00000000ab600000, 0x00000000e0000000)
  object space 186368K, 67% used [0x00000000a0000000,0x00000000a7b12d08,0x00000000ab600000)
 Metaspace       used 75619K, capacity 79410K, committed 79616K, reserved 1118208K
  class space    used 9780K, capacity 10678K, committed 10752K, reserved 1048576K
Event: 1187.834 GC heap after
Heap after GC invocations=37 (full 3):
 PSYoungGen      total 349696K, used 1976K [0x00000000e0000000, 0x00000000faf00000, 0x0000000100000000)
  eden space 266240K, 0% used [0x00000000e0000000,0x00000000e0000000,0x00000000f0400000)
  from space 83456K, 2% used [0x00000000f5d80000,0x00000000f5f6e008,0x00000000faf00000)
  to   space 87552K, 0% used [0x00000000f0400000,0x00000000f0400000,0x00000000f5980000)
 ParOldGen       total 186368K, used 128183K [0x00000000a0000000, 0x00000000ab600000, 0x00000000e0000000)
  object space 186368K, 68% used [0x00000000a0000000,0x00000000a7d2dd18,0x00000000ab600000)
 Metaspace       used 75619K, capacity 79410K, committed 79616K, reserved 1118208K
  class space    used 9780K, capacity 10678K, committed 10752K, reserved 1048576K
}

