# JRE version: OpenJDK Runtime Environment (8.0_152-b01) (build 1.8.0_152-release-915-b01)
# Java VM: OpenJDK 64-Bit Server VM (25.152-b01 mixed mode windows-amd64 compressed oops)
Heap:
 PSYoungGen      total 436736K, used 67427K [0x00000000e0000000, 0x00000000ffd00000, 0x0000000100000000)
  eden space 413696K, 10% used [0x00000000e0000000,0x00000000e2bd5060,0x00000000f9400000)
  from space 23040K, 97% used [0x00000000f9400000,0x00000000faa03e90,0x00000000faa80000)
  to   space 53248K, 0% used [0x00000000fc900000,0x00000000fc900000,0x00000000ffd00000)
 ParOldGen       total 284160K, used 232919K [0x00000000a0000000, 0x00000000b1580000, 0x00000000e0000000)
  object space 284160K, 81% used [0x00000000a0000000,0x00000000ae375c98,0x00000000b1580000)
 Metaspace       used 93821K, capacity 103524K, committed 103768K, reserved 1138688K
  class space    used 11822K, capacity 14140K, committed 14208K, reserved 1048576K
GC Heap History (10 events):
Event: 10005.682 GC heap before
{Heap before GC invocations=102 (full 9):
 PSYoungGen      total 459264K, used 428549K [0x00000000e0000000, 0x00000000ff980000, 0x0000000100000000)
  eden space 399872K, 100% used [0x00000000e0000000,0x00000000f8680000,0x00000000f8680000)
  from space 59392K, 48% used [0x00000000fbf80000,0x00000000fdb81608,0x00000000ff980000)
  to   space 58368K, 0% used [0x00000000f8680000,0x00000000f8680000,0x00000000fbf80000)
 ParOldGen       total 284160K, used 217497K [0x00000000a0000000, 0x00000000b1580000, 0x00000000e0000000)
  object space 284160K, 76% used [0x00000000a0000000,0x00000000ad466598,0x00000000b1580000)
 Metaspace       used 93311K, capacity 102556K, committed 102744K, reserved 1138688K
  class space    used 11742K, capacity 13882K, committed 13952K, reserved 1048576K
Event: 10006.258 GC heap after
Heap after GC invocations=102 (full 9):
 PSYoungGen      total 458240K, used 24326K [0x00000000e0000000, 0x00000000ffd00000, 0x0000000100000000)
  eden space 399872K, 0% used [0x00000000e0000000,0x00000000e0000000,0x00000000f8680000)
  from space 58368K, 41% used [0x00000000f8680000,0x00000000f9e41870,0x00000000fbf80000)
  to   space 57344K, 0% used [0x00000000fc500000,0x00000000fc500000,0x00000000ffd00000)
 ParOldGen       total 284160K, used 217697K [0x00000000a0000000, 0x00000000b1580000, 0x00000000e0000000)
  object space 284160K, 76% used [0x00000000a0000000,0x00000000ad4985a8,0x00000000b1580000)
 Metaspace       used 93311K, capacity 102556K, committed 102744K, reserved 1138688K
  class space    used 11742K, capacity 13882K, committed 13952K, reserved 1048576K
}
Event: 10196.657 GC heap before
{Heap before GC invocations=103 (full 9):
 PSYoungGen      total 458240K, used 424198K [0x00000000e0000000, 0x00000000ffd00000, 0x0000000100000000)
  eden space 399872K, 100% used [0x00000000e0000000,0x00000000f8680000,0x00000000f8680000)
  from space 58368K, 41% used [0x00000000f8680000,0x00000000f9e41870,0x00000000fbf80000)
  to   space 57344K, 0% used [0x00000000fc500000,0x00000000fc500000,0x00000000ffd00000)
 ParOldGen       total 284160K, used 217697K [0x00000000a0000000, 0x00000000b1580000, 0x00000000e0000000)
  object space 284160K, 76% used [0x00000000a0000000,0x00000000ad4985a8,0x00000000b1580000)
 Metaspace       used 93444K, capacity 102706K, committed 102744K, reserved 1138688K
  class space    used 11755K, capacity 13925K, committed 13952K, reserved 1048576K
Event: 10196.984 GC heap after
Heap after GC invocations=103 (full 9):
 PSYoungGen      total 462848K, used 31641K [0x00000000e0000000, 0x00000000ffa00000, 0x0000000100000000)
  eden space 408576K, 0% used [0x00000000e0000000,0x00000000e0000000,0x00000000f8f00000)
  from space 54272K, 58% used [0x00000000fc500000,0x00000000fe3e6510,0x00000000ffa00000)
  to   space 54784K, 0% used [0x00000000f8f00000,0x00000000f8f00000,0x00000000fc480000)
 ParOldGen       total 284160K, used 217897K [0x00000000a0000000, 0x00000000b1580000, 0x00000000e0000000)
  object space 284160K, 76% used [0x00000000a0000000,0x00000000ad4ca5b8,0x00000000b1580000)
 Metaspace       used 93444K, capacity 102706K, committed 102744K, reserved 1138688K
  class space    used 11755K, capacity 13925K, committed 13952K, reserved 1048576K
}
Event: 10627.332 GC heap before
{Heap before GC invocations=104 (full 9):
 PSYoungGen      total 462848K, used 440217K [0x00000000e0000000, 0x00000000ffa00000, 0x0000000100000000)
  eden space 408576K, 100% used [0x00000000e0000000,0x00000000f8f00000,0x00000000f8f00000)
  from space 54272K, 58% used [0x00000000fc500000,0x00000000fe3e6510,0x00000000ffa00000)
  to   space 54784K, 0% used [0x00000000f8f00000,0x00000000f8f00000,0x00000000fc480000)
 ParOldGen       total 284160K, used 217897K [0x00000000a0000000, 0x00000000b1580000, 0x00000000e0000000)
  object space 284160K, 76% used [0x00000000a0000000,0x00000000ad4ca5b8,0x00000000b1580000)
 Metaspace       used 93632K, capacity 103166K, committed 103384K, reserved 1138688K
  class space    used 11791K, capacity 14051K, committed 14080K, reserved 1048576K
Event: 10627.774 GC heap after
Heap after GC invocations=104 (full 9):
 PSYoungGen      total 463360K, used 12049K [0x00000000e0000000, 0x0000000100000000, 0x0000000100000000)
  eden space 408576K, 0% used [0x00000000e0000000,0x00000000e0000000,0x00000000f8f00000)
  from space 54784K, 21% used [0x00000000f8f00000,0x00000000f9ac47b0,0x00000000fc480000)
  to   space 55808K, 0% used [0x00000000fc980000,0x00000000fc980000,0x0000000100000000)
 ParOldGen       total 284160K, used 229887K [0x00000000a0000000, 0x00000000b1580000, 0x00000000e0000000)
  object space 284160K, 80% used [0x00000000a0000000,0x00000000ae07fc58,0x00000000b1580000)
 Metaspace       used 93632K, capacity 103166K, committed 103384K, reserved 1138688K
  class space    used 11791K, capacity 14051K, committed 14080K, reserved 1048576K
}
Event: 10709.395 GC heap before
{Heap before GC invocations=105 (full 9):
 PSYoungGen      total 463360K, used 420625K [0x00000000e0000000, 0x0000000100000000, 0x0000000100000000)
  eden space 408576K, 100% used [0x00000000e0000000,0x00000000f8f00000,0x00000000f8f00000)
  from space 54784K, 21% used [0x00000000f8f00000,0x00000000f9ac47b0,0x00000000fc480000)
  to   space 55808K, 0% used [0x00000000fc980000,0x00000000fc980000,0x0000000100000000)
 ParOldGen       total 284160K, used 229887K [0x00000000a0000000, 0x00000000b1580000, 0x00000000e0000000)
  object space 284160K, 80% used [0x00000000a0000000,0x00000000ae07fc58,0x00000000b1580000)
 Metaspace       used 93751K, capacity 103404K, committed 103512K, reserved 1138688K
  class space    used 11810K, capacity 14100K, committed 14208K, reserved 1048576K
Event: 10709.498 GC heap after
Heap after GC invocations=105 (full 9):
 PSYoungGen      total 468480K, used 18850K [0x00000000e0000000, 0x00000000fff00000, 0x0000000100000000)
  eden space 413696K, 0% used [0x00000000e0000000,0x00000000e0000000,0x00000000f9400000)
  from space 54784K, 34% used [0x00000000fc980000,0x00000000fdbe88b8,0x00000000fff00000)
  to   space 54784K, 0% used [0x00000000f9400000,0x00000000f9400000,0x00000000fc980000)
 ParOldGen       total 284160K, used 232831K [0x00000000a0000000, 0x00000000b1580000, 0x00000000e0000000)
  object space 284160K, 81% used [0x00000000a0000000,0x00000000ae35fc88,0x00000000b1580000)
 Metaspace       used 93751K, capacity 103404K, committed 103512K, reserved 1138688K
  class space    used 11810K, capacity 14100K, committed 14208K, reserved 1048576K
}
Event: 10761.232 GC heap before
{Heap before GC invocations=106 (full 9):
 PSYoungGen      total 468480K, used 432546K [0x00000000e0000000, 0x00000000fff00000, 0x0000000100000000)
  eden space 413696K, 100% used [0x00000000e0000000,0x00000000f9400000,0x00000000f9400000)
  from space 54784K, 34% used [0x00000000fc980000,0x00000000fdbe88b8,0x00000000fff00000)
  to   space 54784K, 0% used [0x00000000f9400000,0x00000000f9400000,0x00000000fc980000)
 ParOldGen       total 284160K, used 232831K [0x00000000a0000000, 0x00000000b1580000, 0x00000000e0000000)
  object space 284160K, 81% used [0x00000000a0000000,0x00000000ae35fc88,0x00000000b1580000)
 Metaspace       used 93821K, capacity 103524K, committed 103768K, reserved 1138688K
  class space    used 11822K, capacity 14140K, committed 14208K, reserved 1048576K
Event: 10762.464 GC heap after
Heap after GC invocations=106 (full 9):
 PSYoungGen      total 436736K, used 22543K [0x00000000e0000000, 0x00000000ffd00000, 0x0000000100000000)
  eden space 413696K, 0% used [0x00000000e0000000,0x00000000e0000000,0x00000000f9400000)
  from space 23040K, 97% used [0x00000000f9400000,0x00000000faa03e90,0x00000000faa80000)
  to   space 53248K, 0% used [0x00000000fc900000,0x00000000fc900000,0x00000000ffd00000)
 ParOldGen       total 284160K, used 232919K [0x00000000a0000000, 0x00000000b1580000, 0x00000000e0000000)
  object space 284160K, 81% used [0x00000000a0000000,0x00000000ae375c98,0x00000000b1580000)
 Metaspace       used 93821K, capacity 103524K, committed 103768K, reserved 1138688K
  class space    used 11822K, capacity 14140K, committed 14208K, reserved 1048576K
}

